2023-07-10 18:18:25.517[1689005905517] | INFO  | main       | c.b.c.f.client.utils.RequestHandler  - GET https://fapi.binance.com/fapi/v1/exchangeInfo
2023-07-10 18:18:28.599[1689005908599] | INFO  | Thread-1   | c.b.c.f.c.utils.WebSocketConnection  - [Connection 1] Connecting to fstream.binance.com/ws/btcusdt@kline_15m
2023-07-10 18:18:28.604[1689005908604] | INFO  | pool-2-thread-1 | c.b.c.f.client.utils.RequestHandler  - POST https://fapi.binance.com/fapi/v1/listenKey
2023-07-10 18:18:28.850[1689005908850] | INFO  | pool-2-thread-1 | c.b.c.f.client.utils.RequestHandler  - PUT https://fapi.binance.com/fapi/v1/listenKey
2023-07-10 18:18:29.100[1689005909100] | INFO  | pool-2-thread-1 | c.t.binancebot.api.ConnectionService - {}
2023-07-10 18:18:29.806[1689005909806] | INFO  | OkHttp https://fstream.binance.com/... | c.b.c.f.c.utils.WebSocketConnection  - [Connection 1] Connected to Server
2023-07-10 18:18:30.590[1689005910590] | INFO  | Thread-2   | c.b.c.f.c.utils.WebSocketConnection  - [Connection 2] Connecting to fstream.binance.com/ws/cIQib8uBEiQcvBKoLWdGSFSqiRWtQG4b5S9nN9hfIcPTldkcoU44EHgie6yW14Pe
2023-07-10 18:18:31.546[1689005911546] | INFO  | OkHttp https://fstream.binance.com/... | c.b.c.f.c.utils.WebSocketConnection  - [Connection 2] Connected to Server
2023-07-10 18:44:59.679[1689007499679] | INFO  | OkHttp https://fstream.binance.com/... | c.t.b.service.FullOrderRepoServices  - Clear waitingList
2023-07-10 18:44:59.776[1689007499776] | INFO  | OkHttp https://fstream.binance.com/... | c.b.c.f.client.utils.RequestHandler  - POST https://fapi.binance.com/fapi/v1/order?symbol=BTCUSDT&side=BUY&type=LIMIT&timeInForce=GTC&quantity=0.001&price=30267.0&timestamp=1689007499768&signature=cf0bc53290300402ba662e476fb4ae3dbdfe51d17771b550564a83f114d7f93f
2023-07-10 18:45:01.335[1689007501335] | INFO  | OkHttp https://fstream.binance.com/... | c.t.binancebot.orders.CreateNewOrder - {"orderId":169604112498,"symbol":"BTCUSDT","status":"NEW","clientOrderId":"ps9OphS3IwbPMmd4oPO524","price":"30267","avgPrice":"0.00000","origQty":"0.001","executedQty":"0","cumQty":"0","cumQuote":"0","timeInForce":"GTC","type":"LIMIT","reduceOnly":false,"closePosition":false,"side":"BUY","positionSide":"BOTH","stopPrice":"0","workingType":"CONTRACT_PRICE","priceProtect":false,"origType":"LIMIT","updateTime":1689007502272}
2023-07-10 18:48:28.608[1689007708608] | INFO  | pool-2-thread-1 | c.b.c.f.client.utils.RequestHandler  - POST https://fapi.binance.com/fapi/v1/listenKey
2023-07-10 18:48:30.151[1689007710151] | INFO  | pool-2-thread-1 | c.b.c.f.client.utils.RequestHandler  - PUT https://fapi.binance.com/fapi/v1/listenKey
2023-07-10 18:48:30.397[1689007710397] | INFO  | pool-2-thread-1 | c.t.binancebot.api.ConnectionService - {}
2023-07-10 18:59:59.444[1689008399444] | INFO  | OkHttp https://fstream.binance.com/... | c.t.b.service.FullOrderRepoServices  - Clear waitingList
2023-07-10 18:59:59.445[1689008399445] | INFO  | OkHttp https://fstream.binance.com/... | c.b.c.f.client.utils.RequestHandler  - DELETE https://fapi.binance.com/fapi/v1/order?orderId=169604112498&symbol=BTCUSDT&timestamp=1689008399445&signature=08632d27982b65ecfc65c785a79303d3256338368f3dc3683d35b9f6d94385f6
2023-07-10 19:00:00.937[1689008400937] | INFO  | OkHttp https://fstream.binance.com/... | c.t.binancebot.orders.OrderService   - {"orderId":169604112498,"symbol":"BTCUSDT","status":"CANCELED","clientOrderId":"ps9OphS3IwbPMmd4oPO524","price":"30267","avgPrice":"0.00000","origQty":"0.001","executedQty":"0","cumQty":"0","cumQuote":"0","timeInForce":"GTC","type":"LIMIT","reduceOnly":false,"closePosition":false,"side":"BUY","positionSide":"BOTH","stopPrice":"0","workingType":"CONTRACT_PRICE","priceProtect":false,"origType":"LIMIT","updateTime":1689008401892}
2023-07-10 19:00:00.938[1689008400938] | INFO  | OkHttp https://fstream.binance.com/... | c.t.b.service.FullOrderRepoServices  - Clear waitingList
2023-07-10 19:00:00.939[1689008400939] | INFO  | OkHttp https://fstream.binance.com/... | c.b.c.f.client.utils.RequestHandler  - POST https://fapi.binance.com/fapi/v1/order?symbol=BTCUSDT&side=BUY&type=LIMIT&timeInForce=GTC&quantity=0.001&price=30280.8&timestamp=1689008400938&signature=ed94644f5ef2e20c5891f38c8bedbbb123cec01d2f097c93f4a01c99aa050e06
2023-07-10 19:00:01.183[1689008401183] | INFO  | OkHttp https://fstream.binance.com/... | c.t.binancebot.orders.CreateNewOrder - {"orderId":169608472552,"symbol":"BTCUSDT","status":"NEW","clientOrderId":"WAxaNvsYCu7qKegSTqp470","price":"30280.80","avgPrice":"0.00000","origQty":"0.001","executedQty":"0","cumQty":"0","cumQuote":"0","timeInForce":"GTC","type":"LIMIT","reduceOnly":false,"closePosition":false,"side":"BUY","positionSide":"BOTH","stopPrice":"0","workingType":"CONTRACT_PRICE","priceProtect":false,"origType":"LIMIT","updateTime":1689008402136}
2023-07-10 19:14:59.462[1689009299462] | INFO  | OkHttp https://fstream.binance.com/... | c.t.b.service.FullOrderRepoServices  - Clear waitingList
2023-07-10 19:14:59.462[1689009299462] | INFO  | OkHttp https://fstream.binance.com/... | c.b.c.f.client.utils.RequestHandler  - DELETE https://fapi.binance.com/fapi/v1/order?orderId=169608472552&symbol=BTCUSDT&timestamp=1689009299462&signature=b238af3de9be7ed8102d7596a385e654d3a8dcb106d11a8c3e63b4c467f2c9df
2023-07-10 19:15:01.085[1689009301085] | INFO  | OkHttp https://fstream.binance.com/... | c.t.binancebot.orders.OrderService   - {"orderId":169608472552,"symbol":"BTCUSDT","status":"CANCELED","clientOrderId":"WAxaNvsYCu7qKegSTqp470","price":"30280.80","avgPrice":"0.00000","origQty":"0.001","executedQty":"0","cumQty":"0","cumQuote":"0","timeInForce":"GTC","type":"LIMIT","reduceOnly":false,"closePosition":false,"side":"BUY","positionSide":"BOTH","stopPrice":"0","workingType":"CONTRACT_PRICE","priceProtect":false,"origType":"LIMIT","updateTime":1689009302047}
2023-07-10 19:15:01.086[1689009301086] | INFO  | OkHttp https://fstream.binance.com/... | c.t.b.service.FullOrderRepoServices  - Clear waitingList
2023-07-10 19:15:01.086[1689009301086] | INFO  | OkHttp https://fstream.binance.com/... | c.b.c.f.client.utils.RequestHandler  - POST https://fapi.binance.com/fapi/v1/order?symbol=BTCUSDT&side=BUY&type=LIMIT&timeInForce=GTC&quantity=0.001&price=30290.4&timestamp=1689009301086&signature=d2a925d0b34a8599b72698f8b8dcb2781fad968b3860bf601e1961a136ecac38
2023-07-10 19:15:01.351[1689009301351] | INFO  | OkHttp https://fstream.binance.com/... | c.t.binancebot.orders.CreateNewOrder - {"orderId":169612108569,"symbol":"BTCUSDT","status":"NEW","clientOrderId":"bkYam8Bm55ELjtbWETCT02","price":"30290.40","avgPrice":"0.00","origQty":"0.001","executedQty":"0.000","cumQty":"0.000","cumQuote":"0.00000","timeInForce":"GTC","type":"LIMIT","reduceOnly":false,"closePosition":false,"side":"BUY","positionSide":"BOTH","stopPrice":"0.00","workingType":"CONTRACT_PRICE","priceProtect":false,"origType":"LIMIT","updateTime":1689009302310}
2023-07-10 19:18:28.615[1689009508615] | INFO  | pool-2-thread-1 | c.b.c.f.client.utils.RequestHandler  - POST https://fapi.binance.com/fapi/v1/listenKey
2023-07-10 19:18:30.092[1689009510092] | INFO  | pool-2-thread-1 | c.b.c.f.client.utils.RequestHandler  - PUT https://fapi.binance.com/fapi/v1/listenKey
2023-07-10 19:18:30.329[1689009510329] | INFO  | pool-2-thread-1 | c.t.binancebot.api.ConnectionService - {}
2023-07-10 19:29:59.423[1689010199423] | INFO  | OkHttp https://fstream.binance.com/... | c.t.b.service.FullOrderRepoServices  - Clear waitingList
2023-07-10 19:29:59.424[1689010199424] | INFO  | OkHttp https://fstream.binance.com/... | c.b.c.f.client.utils.RequestHandler  - DELETE https://fapi.binance.com/fapi/v1/order?orderId=169612108569&symbol=BTCUSDT&timestamp=1689010199423&signature=f7c3831c708f7e6221ff6a1b5ea35ee7ec3883f63b48bba3f8e6cb8a96c4d261
2023-07-10 19:30:00.949[1689010200949] | INFO  | OkHttp https://fstream.binance.com/... | c.t.binancebot.orders.OrderService   - {"orderId":169612108569,"symbol":"BTCUSDT","status":"CANCELED","clientOrderId":"bkYam8Bm55ELjtbWETCT02","price":"30290.40","avgPrice":"0.00","origQty":"0.001","executedQty":"0.000","cumQty":"0.000","cumQuote":"0.00000","timeInForce":"GTC","type":"LIMIT","reduceOnly":false,"closePosition":false,"side":"BUY","positionSide":"BOTH","stopPrice":"0.00","workingType":"CONTRACT_PRICE","priceProtect":false,"origType":"LIMIT","updateTime":1689010201928}
2023-07-10 19:30:00.949[1689010200949] | INFO  | OkHttp https://fstream.binance.com/... | c.t.b.service.FullOrderRepoServices  - Clear waitingList
2023-07-10 19:30:00.949[1689010200949] | INFO  | OkHttp https://fstream.binance.com/... | c.b.c.f.client.utils.RequestHandler  - POST https://fapi.binance.com/fapi/v1/order?symbol=BTCUSDT&side=BUY&type=LIMIT&timeInForce=GTC&quantity=0.001&price=30296.2&timestamp=1689010200949&signature=53e32af2707802270103a85038d0981a754d87a0098a5ad418e5287b62edccbb
2023-07-10 19:30:01.204[1689010201204] | INFO  | OkHttp https://fstream.binance.com/... | c.t.binancebot.orders.CreateNewOrder - {"orderId":169615834647,"symbol":"BTCUSDT","status":"NEW","clientOrderId":"vOVMnmwN0Tua8b4GAIEPe2","price":"30296.20","avgPrice":"0.00","origQty":"0.001","executedQty":"0.000","cumQty":"0.000","cumQuote":"0.00000","timeInForce":"GTC","type":"LIMIT","reduceOnly":false,"closePosition":false,"side":"BUY","positionSide":"BOTH","stopPrice":"0.00","workingType":"CONTRACT_PRICE","priceProtect":false,"origType":"LIMIT","updateTime":1689010202182}
2023-07-10 19:31:49.383[1689010309383] | INFO  | OkHttp https://fstream.binance.com/... | c.b.c.f.client.utils.RequestHandler  - POST https://fapi.binance.com/fapi/v1/order?symbol=BTCUSDT&side=SELL&type=TAKE_PROFIT&timeInForce=GTC&quantity=0.001&reduceOnly=true&price=30345.0&stopPrice=30345.0&timestamp=1689010309383&signature=2360e780a67a8ace9582b3c43c6307c1353d2f90acbaa6b3997db4ac42bc763d
2023-07-10 19:31:50.941[1689010310941] | INFO  | OkHttp https://fstream.binance.com/... | c.t.binancebot.orders.CreateNewOrder - {"orderId":169616347297,"symbol":"BTCUSDT","status":"NEW","clientOrderId":"XGITHvfUzelw6SBF0fk627","price":"30345","avgPrice":"0.00000","origQty":"0.001","executedQty":"0","cumQty":"0","cumQuote":"0","timeInForce":"GTC","type":"TAKE_PROFIT","reduceOnly":true,"closePosition":false,"side":"SELL","positionSide":"BOTH","stopPrice":"30345","workingType":"CONTRACT_PRICE","priceProtect":false,"origType":"TAKE_PROFIT","updateTime":1689010311930}
2023-07-10 19:31:50.942[1689010310942] | INFO  | OkHttp https://fstream.binance.com/... | c.b.c.f.client.utils.RequestHandler  - POST https://fapi.binance.com/fapi/v1/order?symbol=BTCUSDT&side=SELL&type=STOP&timeInForce=GTC&quantity=0.001&reduceOnly=true&price=30271.8&stopPrice=30271.8&timestamp=1689010310942&signature=4f30e385ad0dda59be45b93078df14178914a9ea0ef4620d9f3a14e4f13b99d0
2023-07-10 19:31:51.197[1689010311197] | INFO  | OkHttp https://fstream.binance.com/... | c.t.binancebot.orders.CreateNewOrder - {"orderId":169616348477,"symbol":"BTCUSDT","status":"NEW","clientOrderId":"J8aIs001WnWDoE33MIiqlC","price":"30271.80","avgPrice":"0.00","origQty":"0.001","executedQty":"0.000","cumQty":"0.000","cumQuote":"0.00000","timeInForce":"GTC","type":"STOP","reduceOnly":true,"closePosition":false,"side":"SELL","positionSide":"BOTH","stopPrice":"30271.80","workingType":"CONTRACT_PRICE","priceProtect":false,"origType":"STOP","updateTime":1689010312186}
2023-07-10 19:44:52.442[1689011092442] | INFO  | OkHttp https://fstream.binance.com/... | c.t.b.service.FullOrderRepoServices  - Clear waitingList
2023-07-10 19:44:52.443[1689011092443] | INFO  | OkHttp https://fstream.binance.com/... | c.b.c.f.client.utils.RequestHandler  - DELETE https://fapi.binance.com/fapi/v1/order?orderId=169616347297&symbol=BTCUSDT&timestamp=1689011092443&signature=5bf0e35fdfde736f118353a70d2254135929072fce0087df1f9334795652cc25
2023-07-10 19:44:53.928[1689011093928] | INFO  | OkHttp https://fstream.binance.com/... | c.t.binancebot.orders.OrderService   - {"orderId":169616347297,"symbol":"BTCUSDT","status":"CANCELED","clientOrderId":"XGITHvfUzelw6SBF0fk627","price":"30345","avgPrice":"0.00000","origQty":"0.001","executedQty":"0","cumQty":"0","cumQuote":"0","timeInForce":"GTC","type":"TAKE_PROFIT","reduceOnly":true,"closePosition":false,"side":"SELL","positionSide":"BOTH","stopPrice":"30345","workingType":"CONTRACT_PRICE","priceProtect":false,"origType":"TAKE_PROFIT","updateTime":1689011094931}
